2023-04-24 17:21:42,284 INFO  StartupInfoLogger:55 - [] Starting ProductControllerTest using Java 17.0.4 on LAPTOP-KBM0POJG with PID 11932 (started by user in C:\ElectronicStore (1)\ElectronicStore)
2023-04-24 17:21:42,289 DEBUG StartupInfoLogger:56 - [] Running with Spring Boot v2.7.9, Spring v5.3.25
2023-04-24 17:21:42,290 INFO  SpringApplication:637 - [] The following 1 profile is active: "dev"
2023-04-24 17:21:47,180 INFO  StartupInfoLogger:61 - [] Started ProductControllerTest in 5.319 seconds (JVM running for 6.865)
2023-04-24 17:24:07,581 INFO  StartupInfoLogger:55 - [] Starting ProductControllerTest using Java 17.0.4 on LAPTOP-KBM0POJG with PID 3312 (started by user in C:\ElectronicStore (1)\ElectronicStore)
2023-04-24 17:24:07,584 DEBUG StartupInfoLogger:56 - [] Running with Spring Boot v2.7.9, Spring v5.3.25
2023-04-24 17:24:07,585 INFO  SpringApplication:637 - [] The following 1 profile is active: "dev"
2023-04-24 17:24:11,459 INFO  StartupInfoLogger:61 - [] Started ProductControllerTest in 4.126 seconds (JVM running for 5.195)
2023-04-24 17:24:11,690 INFO  ProductController:36 - [] Initiated request for Save the Products: {} 
2023-04-24 17:24:11,694 INFO  ProductController:38 - [] Completed request for Save the Products: {} 
2023-04-24 17:24:11,755 INFO  CatagoryController:127 - [] Initiated request for delete the category: {} 1
2023-04-24 17:24:11,755 INFO  CatagoryImpl:126 - [] Intiated dao call for delete category by Id {} 1
2023-04-24 17:24:11,842 INFO  CatagoryImpl:128 - [] Completing dao call for delete category by Id {} 1
2023-04-24 17:24:11,870 INFO  CatagoryController:133 - [] Completed request for delete the category: {} 1
2023-04-24 17:24:11,894 INFO  ProductController:65 - [] Initiated request for get All  Products: {} 
2023-04-24 17:24:11,894 INFO  ProductController:67 - [] Completed request for get All Products: {} 
2023-04-24 17:24:11,911 INFO  ProductController:45 - [] Initiated request for get Single Product: {} 1
2023-04-24 17:24:11,912 INFO  ProductController:47 - [] Completed request for get Single Product: {} 1
2023-04-24 17:24:11,935 INFO  ProductController:92 - [] Initiated request for serach the Products based on title: {} TV
2023-04-24 17:24:11,936 INFO  ProductController:95 - [] Completed request for Search  the Product based on title: {} TV
2023-04-24 17:24:34,418 INFO  StartupInfoLogger:55 - [] Starting ProductControllerTest using Java 17.0.4 on LAPTOP-KBM0POJG with PID 12168 (started by user in C:\ElectronicStore (1)\ElectronicStore)
2023-04-24 17:24:34,420 DEBUG StartupInfoLogger:56 - [] Running with Spring Boot v2.7.9, Spring v5.3.25
2023-04-24 17:24:34,421 INFO  SpringApplication:637 - [] The following 1 profile is active: "dev"
2023-04-24 17:24:38,389 INFO  StartupInfoLogger:61 - [] Started ProductControllerTest in 4.215 seconds (JVM running for 5.255)
2023-04-24 17:25:38,130 INFO  StartupInfoLogger:55 - [] Starting ProductControllerTest using Java 17.0.4 on LAPTOP-KBM0POJG with PID 8428 (started by user in C:\ElectronicStore (1)\ElectronicStore)
2023-04-24 17:25:38,132 DEBUG StartupInfoLogger:56 - [] Running with Spring Boot v2.7.9, Spring v5.3.25
2023-04-24 17:25:38,133 INFO  SpringApplication:637 - [] The following 1 profile is active: "dev"
2023-04-24 17:25:42,001 INFO  StartupInfoLogger:61 - [] Started ProductControllerTest in 4.127 seconds (JVM running for 5.137)
2023-04-24 17:28:26,417 INFO  StartupInfoLogger:55 - [] Starting ProductControllerTest using Java 17.0.4 on LAPTOP-KBM0POJG with PID 16288 (started by user in C:\ElectronicStore (1)\ElectronicStore)
2023-04-24 17:28:26,421 DEBUG StartupInfoLogger:56 - [] Running with Spring Boot v2.7.9, Spring v5.3.25
2023-04-24 17:28:26,421 INFO  SpringApplication:637 - [] The following 1 profile is active: "dev"
2023-04-24 17:28:30,251 INFO  StartupInfoLogger:61 - [] Started ProductControllerTest in 4.09 seconds (JVM running for 5.129)
2023-04-24 17:29:14,343 INFO  StartupInfoLogger:55 - [] Starting ProductControllerTest using Java 17.0.4 on LAPTOP-KBM0POJG with PID 6780 (started by user in C:\ElectronicStore (1)\ElectronicStore)
2023-04-24 17:29:14,345 DEBUG StartupInfoLogger:56 - [] Running with Spring Boot v2.7.9, Spring v5.3.25
2023-04-24 17:29:14,346 INFO  SpringApplication:637 - [] The following 1 profile is active: "dev"
2023-04-24 17:29:18,417 INFO  StartupInfoLogger:61 - [] Started ProductControllerTest in 4.328 seconds (JVM running for 5.371)
2023-04-24 17:29:41,046 INFO  StartupInfoLogger:55 - [] Starting ProductControllerTest using Java 17.0.4 on LAPTOP-KBM0POJG with PID 8536 (started by user in C:\ElectronicStore (1)\ElectronicStore)
2023-04-24 17:29:41,049 DEBUG StartupInfoLogger:56 - [] Running with Spring Boot v2.7.9, Spring v5.3.25
2023-04-24 17:29:41,050 INFO  SpringApplication:637 - [] The following 1 profile is active: "dev"
2023-04-24 17:29:44,783 INFO  StartupInfoLogger:61 - [] Started ProductControllerTest in 3.983 seconds (JVM running for 5.002)
2023-04-24 17:35:07,710 INFO  StartupInfoLogger:55 - [] Starting ProductControllerTest using Java 17.0.4 on LAPTOP-KBM0POJG with PID 8832 (started by user in C:\ElectronicStore (1)\ElectronicStore)
2023-04-24 17:35:07,713 DEBUG StartupInfoLogger:56 - [] Running with Spring Boot v2.7.9, Spring v5.3.25
2023-04-24 17:35:07,713 INFO  SpringApplication:637 - [] The following 1 profile is active: "dev"
2023-04-24 17:35:11,575 INFO  StartupInfoLogger:61 - [] Started ProductControllerTest in 4.132 seconds (JVM running for 5.195)
